2025-06-27 08:53:32,267 [ERROR] ConfigurationRetriever:142 - IOException on connection: sw-center.st.com
2025-06-27 08:53:32,332 [ERROR] ConfigurationRetriever:142 - IOException on connection: sw-center.st.com
2025-06-27 08:53:32,333 [ERROR] ConfigurationRetriever:142 - IOException on connection: sw-center.st.com
2025-06-27 09:11:56,801 [ERROR] ConfigurationRetriever:142 - IOException on connection: Read timed out
2025-06-27 09:11:58,803 [ERROR] ConfigurationRetriever:142 - IOException on connection: Connect timed out
2025-06-27 09:12:02,388 [ERROR] ConfigurationRetriever:142 - IOException on connection: Read timed out
2025-06-27 09:12:04,438 [ERROR] ConfigurationRetriever:142 - IOException on connection: Connect timed out
2025-06-27 09:12:06,441 [ERROR] ConfigurationRetriever:142 - IOException on connection: Connect timed out
2025-06-27 09:12:08,443 [ERROR] ConfigurationRetriever:142 - IOException on connection: Connect timed out
2025-06-27 09:17:50,546 [ERROR] ConfigurationRetriever:142 - IOException on connection: Connect timed out
2025-06-27 09:17:52,548 [ERROR] ConfigurationRetriever:142 - IOException on connection: Connect timed out
2025-06-27 09:18:01,628 [ERROR] ConfigurationRetriever:142 - IOException on connection: Read timed out
2025-06-27 09:23:02,751 [ERROR] ConfigurationRetriever:142 - IOException on connection: Connect timed out
2025-06-27 09:23:04,754 [ERROR] ConfigurationRetriever:142 - IOException on connection: Connect timed out
2025-06-27 09:23:06,756 [ERROR] ConfigurationRetriever:142 - IOException on connection: Connect timed out
2025-06-27 09:23:08,804 [ERROR] ConfigurationRetriever:142 - IOException on connection: Connect timed out
2025-06-27 09:23:10,806 [ERROR] ConfigurationRetriever:142 - IOException on connection: Connect timed out
2025-06-27 09:23:12,809 [ERROR] ConfigurationRetriever:142 - IOException on connection: Connect timed out
2025-06-27 09:42:43,806 [ERROR] AdobePublisher:162 - Exception while opening the connection: java.net.SocketTimeoutException: Read timed out
2025-06-27 09:44:32,885 [ERROR] ConfigurationRetriever:142 - IOException on connection: Connect timed out
2025-06-27 09:44:35,952 [ERROR] ConfigurationRetriever:142 - IOException on connection: Read timed out
2025-06-27 09:44:37,956 [ERROR] ConfigurationRetriever:142 - IOException on connection: Connect timed out
2025-06-27 09:53:04,827 [ERROR] ConfigurationRetriever:142 - IOException on connection: Read timed out
2025-06-27 09:53:06,830 [ERROR] ConfigurationRetriever:142 - IOException on connection: Connect timed out
2025-06-27 09:53:08,843 [ERROR] ConfigurationRetriever:142 - IOException on connection: Connect timed out
2025-06-27 09:53:10,886 [ERROR] ConfigurationRetriever:142 - IOException on connection: Connect timed out
2025-06-27 09:53:13,873 [ERROR] ConfigurationRetriever:142 - IOException on connection: Read timed out
2025-06-27 09:55:32,278 [ERROR] ConfigurationRetriever:142 - IOException on connection: Read timed out
2025-06-27 09:55:37,401 [ERROR] ConfigurationRetriever:142 - IOException on connection: Read timed out
2025-06-27 10:16:52,813 [ERROR] AdobePublisher:162 - Exception while opening the connection: java.net.SocketTimeoutException: Connect timed out
2025-06-27 10:16:56,136 [ERROR] AdobePublisher:162 - Exception while opening the connection: java.net.SocketTimeoutException: Read timed out
2025-06-27 10:16:58,143 [ERROR] AdobePublisher:162 - Exception while opening the connection: java.net.SocketTimeoutException: Connect timed out
2025-06-27 10:17:00,144 [ERROR] AdobePublisher:162 - Exception while opening the connection: java.net.SocketTimeoutException: Connect timed out
2025-06-27 10:17:02,147 [ERROR] AdobePublisher:162 - Exception while opening the connection: java.net.SocketTimeoutException: Connect timed out
2025-06-27 10:28:35,127 [ERROR] ConfigurationRetriever:142 - IOException on connection: Connect timed out
2025-06-27 10:33:21,581 [ERROR] ConfigurationRetriever:142 - IOException on connection: Read timed out
2025-06-27 10:33:25,486 [ERROR] ConfigurationRetriever:142 - IOException on connection: Read timed out
2025-06-27 10:33:27,489 [ERROR] ConfigurationRetriever:142 - IOException on connection: Connect timed out
